ARM GAS  /tmp/ccALAH0Y.s 			page 1


   1              		.cpu cortex-m4
   2              		.arch armv7e-m
   3              		.fpu fpv4-sp-d16
   4              		.eabi_attribute 27, 1
   5              		.eabi_attribute 28, 1
   6              		.eabi_attribute 20, 1
   7              		.eabi_attribute 21, 1
   8              		.eabi_attribute 23, 3
   9              		.eabi_attribute 24, 1
  10              		.eabi_attribute 25, 1
  11              		.eabi_attribute 26, 1
  12              		.eabi_attribute 30, 1
  13              		.eabi_attribute 34, 1
  14              		.eabi_attribute 18, 4
  15              		.file	"freertos.c"
  16              		.text
  17              	.Ltext0:
  18              		.cfi_sections	.debug_frame
  19              		.file 1 "Core/Src/freertos.c"
  20              		.section	.text.StartDefaultTask,"ax",%progbits
  21              		.align	1
  22              		.global	StartDefaultTask
  23              		.syntax unified
  24              		.thumb
  25              		.thumb_func
  27              	StartDefaultTask:
  28              	.LFB140:
   1:Core/Src/freertos.c **** /* USER CODE BEGIN Header */
   2:Core/Src/freertos.c **** /**
   3:Core/Src/freertos.c ****   ******************************************************************************
   4:Core/Src/freertos.c ****   * File Name          : freertos.c
   5:Core/Src/freertos.c ****   * Description        : Code for freertos applications
   6:Core/Src/freertos.c ****   ******************************************************************************
   7:Core/Src/freertos.c ****   * @attention
   8:Core/Src/freertos.c ****   *
   9:Core/Src/freertos.c ****   * Copyright (c) 2025 STMicroelectronics.
  10:Core/Src/freertos.c ****   * All rights reserved.
  11:Core/Src/freertos.c ****   *
  12:Core/Src/freertos.c ****   * This software is licensed under terms that can be found in the LICENSE file
  13:Core/Src/freertos.c ****   * in the root directory of this software component.
  14:Core/Src/freertos.c ****   * If no LICENSE file comes with this software, it is provided AS-IS.
  15:Core/Src/freertos.c ****   *
  16:Core/Src/freertos.c ****   ******************************************************************************
  17:Core/Src/freertos.c ****   */
  18:Core/Src/freertos.c **** /* USER CODE END Header */
  19:Core/Src/freertos.c **** 
  20:Core/Src/freertos.c **** /* Includes ------------------------------------------------------------------*/
  21:Core/Src/freertos.c **** #include "FreeRTOS.h"
  22:Core/Src/freertos.c **** #include "task.h"
  23:Core/Src/freertos.c **** #include "main.h"
  24:Core/Src/freertos.c **** #include "cmsis_os.h"
  25:Core/Src/freertos.c **** 
  26:Core/Src/freertos.c **** /* Private includes ----------------------------------------------------------*/
  27:Core/Src/freertos.c **** /* USER CODE BEGIN Includes */
  28:Core/Src/freertos.c **** 
  29:Core/Src/freertos.c **** /* USER CODE END Includes */
  30:Core/Src/freertos.c **** 
ARM GAS  /tmp/ccALAH0Y.s 			page 2


  31:Core/Src/freertos.c **** /* Private typedef -----------------------------------------------------------*/
  32:Core/Src/freertos.c **** /* USER CODE BEGIN PTD */
  33:Core/Src/freertos.c **** 
  34:Core/Src/freertos.c **** /* USER CODE END PTD */
  35:Core/Src/freertos.c **** 
  36:Core/Src/freertos.c **** /* Private define ------------------------------------------------------------*/
  37:Core/Src/freertos.c **** /* USER CODE BEGIN PD */
  38:Core/Src/freertos.c **** 
  39:Core/Src/freertos.c **** /* USER CODE END PD */
  40:Core/Src/freertos.c **** 
  41:Core/Src/freertos.c **** /* Private macro -------------------------------------------------------------*/
  42:Core/Src/freertos.c **** /* USER CODE BEGIN PM */
  43:Core/Src/freertos.c **** 
  44:Core/Src/freertos.c **** /* USER CODE END PM */
  45:Core/Src/freertos.c **** 
  46:Core/Src/freertos.c **** /* Private variables ---------------------------------------------------------*/
  47:Core/Src/freertos.c **** /* USER CODE BEGIN Variables */
  48:Core/Src/freertos.c **** 
  49:Core/Src/freertos.c **** /* USER CODE END Variables */
  50:Core/Src/freertos.c **** /* Definitions for defaultTask */
  51:Core/Src/freertos.c **** osThreadId_t defaultTaskHandle;
  52:Core/Src/freertos.c **** const osThreadAttr_t defaultTask_attributes = {
  53:Core/Src/freertos.c ****   .name = "defaultTask",
  54:Core/Src/freertos.c ****   .stack_size = 128 * 4,
  55:Core/Src/freertos.c ****   .priority = (osPriority_t) osPriorityNormal,
  56:Core/Src/freertos.c **** };
  57:Core/Src/freertos.c **** 
  58:Core/Src/freertos.c **** /* Private function prototypes -----------------------------------------------*/
  59:Core/Src/freertos.c **** /* USER CODE BEGIN FunctionPrototypes */
  60:Core/Src/freertos.c **** 
  61:Core/Src/freertos.c **** /* USER CODE END FunctionPrototypes */
  62:Core/Src/freertos.c **** 
  63:Core/Src/freertos.c **** void StartDefaultTask(void *argument);
  64:Core/Src/freertos.c **** 
  65:Core/Src/freertos.c **** void MX_FREERTOS_Init(void); /* (MISRA C 2004 rule 8.1) */
  66:Core/Src/freertos.c **** 
  67:Core/Src/freertos.c **** /* Hook prototypes */
  68:Core/Src/freertos.c **** void vApplicationStackOverflowHook(xTaskHandle xTask, signed char *pcTaskName);
  69:Core/Src/freertos.c **** 
  70:Core/Src/freertos.c **** /* USER CODE BEGIN 4 */
  71:Core/Src/freertos.c **** void vApplicationStackOverflowHook(xTaskHandle xTask, signed char *pcTaskName)
  72:Core/Src/freertos.c **** {
  73:Core/Src/freertos.c ****    /* Run time stack overflow checking is performed if
  74:Core/Src/freertos.c ****    configCHECK_FOR_STACK_OVERFLOW is defined to 1 or 2. This hook function is
  75:Core/Src/freertos.c ****    called if a stack overflow is detected. */
  76:Core/Src/freertos.c **** }
  77:Core/Src/freertos.c **** /* USER CODE END 4 */
  78:Core/Src/freertos.c **** 
  79:Core/Src/freertos.c **** /**
  80:Core/Src/freertos.c ****   * @brief  FreeRTOS initialization
  81:Core/Src/freertos.c ****   * @param  None
  82:Core/Src/freertos.c ****   * @retval None
  83:Core/Src/freertos.c ****   */
  84:Core/Src/freertos.c **** void MX_FREERTOS_Init(void) {
  85:Core/Src/freertos.c ****   /* USER CODE BEGIN Init */
  86:Core/Src/freertos.c **** 
  87:Core/Src/freertos.c ****   /* USER CODE END Init */
ARM GAS  /tmp/ccALAH0Y.s 			page 3


  88:Core/Src/freertos.c **** 
  89:Core/Src/freertos.c ****   /* USER CODE BEGIN RTOS_MUTEX */
  90:Core/Src/freertos.c ****   /* add mutexes, ... */
  91:Core/Src/freertos.c ****   /* USER CODE END RTOS_MUTEX */
  92:Core/Src/freertos.c **** 
  93:Core/Src/freertos.c ****   /* USER CODE BEGIN RTOS_SEMAPHORES */
  94:Core/Src/freertos.c ****   /* add semaphores, ... */
  95:Core/Src/freertos.c ****   /* USER CODE END RTOS_SEMAPHORES */
  96:Core/Src/freertos.c **** 
  97:Core/Src/freertos.c ****   /* USER CODE BEGIN RTOS_TIMERS */
  98:Core/Src/freertos.c ****   /* start timers, add new ones, ... */
  99:Core/Src/freertos.c ****   /* USER CODE END RTOS_TIMERS */
 100:Core/Src/freertos.c **** 
 101:Core/Src/freertos.c ****   /* USER CODE BEGIN RTOS_QUEUES */
 102:Core/Src/freertos.c ****   /* add queues, ... */
 103:Core/Src/freertos.c ****   /* USER CODE END RTOS_QUEUES */
 104:Core/Src/freertos.c **** 
 105:Core/Src/freertos.c ****   /* Create the thread(s) */
 106:Core/Src/freertos.c ****   /* creation of defaultTask */
 107:Core/Src/freertos.c ****   defaultTaskHandle = osThreadNew(StartDefaultTask, NULL, &defaultTask_attributes);
 108:Core/Src/freertos.c **** 
 109:Core/Src/freertos.c ****   /* USER CODE BEGIN RTOS_THREADS */
 110:Core/Src/freertos.c ****   /* add threads, ... */
 111:Core/Src/freertos.c ****   /* USER CODE END RTOS_THREADS */
 112:Core/Src/freertos.c **** 
 113:Core/Src/freertos.c ****   /* USER CODE BEGIN RTOS_EVENTS */
 114:Core/Src/freertos.c ****   /* add events, ... */
 115:Core/Src/freertos.c ****   /* USER CODE END RTOS_EVENTS */
 116:Core/Src/freertos.c **** 
 117:Core/Src/freertos.c **** }
 118:Core/Src/freertos.c **** 
 119:Core/Src/freertos.c **** /* USER CODE BEGIN Header_StartDefaultTask */
 120:Core/Src/freertos.c **** /**
 121:Core/Src/freertos.c ****   * @brief  Function implementing the defaultTask thread.
 122:Core/Src/freertos.c ****   * @param  argument: Not used
 123:Core/Src/freertos.c ****   * @retval None
 124:Core/Src/freertos.c ****   */
 125:Core/Src/freertos.c **** /* USER CODE END Header_StartDefaultTask */
 126:Core/Src/freertos.c **** void StartDefaultTask(void *argument)
 127:Core/Src/freertos.c **** {
  29              		.loc 1 127 1 view -0
  30              		.cfi_startproc
  31              		@ Volatile: function does not return.
  32              		@ args = 0, pretend = 0, frame = 0
  33              		@ frame_needed = 0, uses_anonymous_args = 0
  34              	.LVL0:
  35              		.loc 1 127 1 is_stmt 0 view .LVU1
  36 0000 08B5     		push	{r3, lr}
  37              	.LCFI0:
  38              		.cfi_def_cfa_offset 8
  39              		.cfi_offset 3, -8
  40              		.cfi_offset 14, -4
  41              	.LVL1:
  42              	.L2:
 128:Core/Src/freertos.c ****   /* USER CODE BEGIN StartDefaultTask */
 129:Core/Src/freertos.c ****   /* Infinite loop */
 130:Core/Src/freertos.c ****   for(;;)
ARM GAS  /tmp/ccALAH0Y.s 			page 4


  43              		.loc 1 130 3 is_stmt 1 view .LVU2
 131:Core/Src/freertos.c ****   {
 132:Core/Src/freertos.c ****     osDelay(1);
  44              		.loc 1 132 5 discriminator 1 view .LVU3
  45 0002 0120     		movs	r0, #1
  46 0004 FFF7FEFF 		bl	osDelay
  47              	.LVL2:
 130:Core/Src/freertos.c ****   {
  48              		.loc 1 130 3 view .LVU4
  49 0008 FBE7     		b	.L2
  50              		.cfi_endproc
  51              	.LFE140:
  53              		.section	.text.vApplicationStackOverflowHook,"ax",%progbits
  54              		.align	1
  55              		.global	vApplicationStackOverflowHook
  56              		.syntax unified
  57              		.thumb
  58              		.thumb_func
  60              	vApplicationStackOverflowHook:
  61              	.LVL3:
  62              	.LFB138:
  72:Core/Src/freertos.c ****    /* Run time stack overflow checking is performed if
  63              		.loc 1 72 1 view -0
  64              		.cfi_startproc
  65              		@ args = 0, pretend = 0, frame = 0
  66              		@ frame_needed = 0, uses_anonymous_args = 0
  67              		@ link register save eliminated.
  76:Core/Src/freertos.c **** /* USER CODE END 4 */
  68              		.loc 1 76 1 view .LVU6
  69 0000 7047     		bx	lr
  70              		.cfi_endproc
  71              	.LFE138:
  73              		.section	.text.MX_FREERTOS_Init,"ax",%progbits
  74              		.align	1
  75              		.global	MX_FREERTOS_Init
  76              		.syntax unified
  77              		.thumb
  78              		.thumb_func
  80              	MX_FREERTOS_Init:
  81              	.LFB139:
  84:Core/Src/freertos.c ****   /* USER CODE BEGIN Init */
  82              		.loc 1 84 29 view -0
  83              		.cfi_startproc
  84              		@ args = 0, pretend = 0, frame = 0
  85              		@ frame_needed = 0, uses_anonymous_args = 0
  86 0000 08B5     		push	{r3, lr}
  87              	.LCFI1:
  88              		.cfi_def_cfa_offset 8
  89              		.cfi_offset 3, -8
  90              		.cfi_offset 14, -4
 107:Core/Src/freertos.c **** 
  91              		.loc 1 107 3 view .LVU8
 107:Core/Src/freertos.c **** 
  92              		.loc 1 107 23 is_stmt 0 view .LVU9
  93 0002 044A     		ldr	r2, .L7
  94 0004 0021     		movs	r1, #0
  95 0006 0448     		ldr	r0, .L7+4
ARM GAS  /tmp/ccALAH0Y.s 			page 5


  96 0008 FFF7FEFF 		bl	osThreadNew
  97              	.LVL4:
 107:Core/Src/freertos.c **** 
  98              		.loc 1 107 21 discriminator 1 view .LVU10
  99 000c 034B     		ldr	r3, .L7+8
 100 000e 1860     		str	r0, [r3]
 117:Core/Src/freertos.c **** 
 101              		.loc 1 117 1 view .LVU11
 102 0010 08BD     		pop	{r3, pc}
 103              	.L8:
 104 0012 00BF     		.align	2
 105              	.L7:
 106 0014 00000000 		.word	defaultTask_attributes
 107 0018 00000000 		.word	StartDefaultTask
 108 001c 00000000 		.word	defaultTaskHandle
 109              		.cfi_endproc
 110              	.LFE139:
 112              		.global	defaultTask_attributes
 113              		.section	.rodata.str1.4,"aMS",%progbits,1
 114              		.align	2
 115              	.LC0:
 116 0000 64656661 		.ascii	"defaultTask\000"
 116      756C7454 
 116      61736B00 
 117              		.section	.rodata.defaultTask_attributes,"a"
 118              		.align	2
 121              	defaultTask_attributes:
 122 0000 00000000 		.word	.LC0
 123 0004 00000000 		.space	16
 123      00000000 
 123      00000000 
 123      00000000 
 124 0014 00020000 		.word	512
 125 0018 18000000 		.word	24
 126 001c 00000000 		.space	8
 126      00000000 
 127              		.global	defaultTaskHandle
 128              		.section	.bss.defaultTaskHandle,"aw",%nobits
 129              		.align	2
 132              	defaultTaskHandle:
 133 0000 00000000 		.space	4
 134              		.text
 135              	.Letext0:
 136              		.file 2 "/usr/lib/gcc/arm-none-eabi/13.2.1/include/stdint.h"
 137              		.file 3 "Middlewares/Third_Party/FreeRTOS/Source/include/task.h"
 138              		.file 4 "Middlewares/Third_Party/FreeRTOS/Source/CMSIS_RTOS_V2/cmsis_os2.h"
ARM GAS  /tmp/ccALAH0Y.s 			page 6


DEFINED SYMBOLS
                            *ABS*:00000000 freertos.c
     /tmp/ccALAH0Y.s:21     .text.StartDefaultTask:00000000 $t
     /tmp/ccALAH0Y.s:27     .text.StartDefaultTask:00000000 StartDefaultTask
     /tmp/ccALAH0Y.s:54     .text.vApplicationStackOverflowHook:00000000 $t
     /tmp/ccALAH0Y.s:60     .text.vApplicationStackOverflowHook:00000000 vApplicationStackOverflowHook
     /tmp/ccALAH0Y.s:74     .text.MX_FREERTOS_Init:00000000 $t
     /tmp/ccALAH0Y.s:80     .text.MX_FREERTOS_Init:00000000 MX_FREERTOS_Init
     /tmp/ccALAH0Y.s:106    .text.MX_FREERTOS_Init:00000014 $d
     /tmp/ccALAH0Y.s:121    .rodata.defaultTask_attributes:00000000 defaultTask_attributes
     /tmp/ccALAH0Y.s:132    .bss.defaultTaskHandle:00000000 defaultTaskHandle
     /tmp/ccALAH0Y.s:114    .rodata.str1.4:00000000 $d
     /tmp/ccALAH0Y.s:118    .rodata.defaultTask_attributes:00000000 $d
     /tmp/ccALAH0Y.s:129    .bss.defaultTaskHandle:00000000 $d

UNDEFINED SYMBOLS
osDelay
osThreadNew
